RongYun/build/outputs/logs/manifest-merger-debug-report.txt
-- Merging decision tree log ---
manifest
ADDED from src\main\AndroidManifest.xml:2:1-120:12
INJECTED from src\main\AndroidManifest.xml:2:1-120:12
INJECTED from src\main\AndroidManifest.xml:2:1-120:12
INJECTED from src\main\AndroidManifest.xml:2:1-120:12
INJECTED from src\main\AndroidManifest.xml:2:1-120:12
INJECTED from src\main\AndroidManifest.xml:2:1-120:12
INJECTED from src\main\AndroidManifest.xml:2:1-120:12
	package
		ADDED from src\main\AndroidManifest.xml:3:5-28
		INJECTED from src\main\AndroidManifest.xml
		INJECTED from src\main\AndroidManifest.xml
	android:versionName
		INJECTED from src\main\AndroidManifest.xml
		ADDED from src\main\AndroidManifest.xml:2:1-120:12
		INJECTED from src\main\AndroidManifest.xml
	android:versionCode
		INJECTED from src\main\AndroidManifest.xml
		ADDED from src\main\AndroidManifest.xml:2:1-120:12
		INJECTED from src\main\AndroidManifest.xml
	xmlns:android
		ADDED from src\main\AndroidManifest.xml:2:11-69
uses-permission#android.permission.READ_EXTERNAL_STORAGE
ADDED from src\main\AndroidManifest.xml:5:5-80
	android:name
		ADDED from src\main\AndroidManifest.xml:5:22-77
uses-permission#android.permission.WRITE_EXTERNAL_STORAGE
ADDED from src\main\AndroidManifest.xml:6:5-81
	android:name
		ADDED from src\main\AndroidManifest.xml:6:22-78
uses-permission#android.permission.INTERNET
ADDED from src\main\AndroidManifest.xml:7:5-67
	android:name
		ADDED from src\main\AndroidManifest.xml:7:22-64
uses-permission#android.permission.ACCESS_NETWORK_STATE
ADDED from src\main\AndroidManifest.xml:8:5-79
	android:name
		ADDED from src\main\AndroidManifest.xml:8:22-76
uses-permission#android.permission.ACCESS_COARSE_LOCATION
ADDED from src\main\AndroidManifest.xml:9:5-81
	android:name
		ADDED from src\main\AndroidManifest.xml:9:22-78
uses-permission#android.permission.ACCESS_WIFI_STATE
ADDED from src\main\AndroidManifest.xml:10:5-76
	android:name
		ADDED from src\main\AndroidManifest.xml:10:22-73
uses-permission#android.permission.READ_PHONE_STATE
ADDED from src\main\AndroidManifest.xml:12:5-75
	android:name
		ADDED from src\main\AndroidManifest.xml:12:22-72
uses-permission#android.permission.RECORD_AUDIO
ADDED from src\main\AndroidManifest.xml:14:5-71
	android:name
		ADDED from src\main\AndroidManifest.xml:14:22-68
uses-permission#android.permission.GET_TASKS
ADDED from src\main\AndroidManifest.xml:15:5-68
	android:name
		ADDED from src\main\AndroidManifest.xml:15:22-65
uses-permission#android.permission.WAKE_LOCK
ADDED from src\main\AndroidManifest.xml:16:5-68
	android:name
		ADDED from src\main\AndroidManifest.xml:16:22-65
uses-permission#android.permission.MODIFY_AUDIO_SETTINGS
ADDED from src\main\AndroidManifest.xml:17:5-80
	android:name
		ADDED from src\main\AndroidManifest.xml:17:22-77
uses-permission#android.permission.VIBRATE
ADDED from src\main\AndroidManifest.xml:18:5-66
	android:name
		ADDED from src\main\AndroidManifest.xml:18:22-63
uses-permission#android.permission.CAMERA
ADDED from src\main\AndroidManifest.xml:19:5-65
	android:name
		ADDED from src\main\AndroidManifest.xml:19:22-62
uses-permission#android.permission.WRITE_SETTINGS
ADDED from src\main\AndroidManifest.xml:20:5-73
	android:name
		ADDED from src\main\AndroidManifest.xml:20:22-70
uses-permission#android.permission.INTERACT_ACROSS_USERS_FULL
ADDED from src\main\AndroidManifest.xml:22:5-85
	android:name
		ADDED from src\main\AndroidManifest.xml:22:22-82
uses-permission#android.permission.PROCESS_OUTGOING_CALLS
ADDED from src\main\AndroidManifest.xml:23:5-81
	android:name
		ADDED from src\main\AndroidManifest.xml:23:22-78
uses-permission#android.permission.SYSTEM_ALERT_WINDOW
ADDED from src\main\AndroidManifest.xml:24:5-78
	android:name
		ADDED from src\main\AndroidManifest.xml:24:22-75
application
ADDED from src\main\AndroidManifest.xml:26:5-118:19
activity#io.rong.imkit.activity.PictureSelectorActivity
ADDED from src\main\AndroidManifest.xml:28:9-30:52
	android:screenOrientation
		ADDED from src\main\AndroidManifest.xml:30:13-49
	android:name
		ADDED from src\main\AndroidManifest.xml:29:13-61
activity#io.rong.imkit.activity.PicturePreviewActivity
ADDED from src\main\AndroidManifest.xml:32:9-34:52
	android:screenOrientation
		ADDED from src\main\AndroidManifest.xml:34:13-49
	android:name
		ADDED from src\main\AndroidManifest.xml:33:13-60
activity#io.rong.imkit.tools.RongWebviewActivity
ADDED from src\main\AndroidManifest.xml:36:9-43:20
	android:screenOrientation
		ADDED from src\main\AndroidManifest.xml:38:13-49
	android:name
		ADDED from src\main\AndroidManifest.xml:37:13-54
intent-filter#action:name:io.rong.imkit.intent.action.webview+category:name:android.intent.category.DEFAULT
ADDED from src\main\AndroidManifest.xml:39:13-42:29
action#io.rong.imkit.intent.action.webview
ADDED from src\main\AndroidManifest.xml:40:17-78
	android:name
		ADDED from src\main\AndroidManifest.xml:40:25-75
category#android.intent.category.DEFAULT
ADDED from src\main\AndroidManifest.xml:41:17-76
	android:name
		ADDED from src\main\AndroidManifest.xml:41:27-73
activity#io.rong.imkit.widget.provider.TakingPicturesActivity
ADDED from src\main\AndroidManifest.xml:45:9-48:51
	android:screenOrientation
		ADDED from src\main\AndroidManifest.xml:48:13-49
	android:configChanges
		ADDED from src\main\AndroidManifest.xml:47:13-63
	android:name
		ADDED from src\main\AndroidManifest.xml:46:13-67
activity#io.rong.imkit.activity.PicturePagerActivity
ADDED from src\main\AndroidManifest.xml:50:9-52:73
	android:theme
		ADDED from src\main\AndroidManifest.xml:52:13-71
	android:name
		ADDED from src\main\AndroidManifest.xml:51:13-58
service#io.rong.push.core.PushRegistrationService
ADDED from src\main\AndroidManifest.xml:57:9-60:19
	android:exported
		ADDED from src\main\AndroidManifest.xml:59:13-37
	android:name
		ADDED from src\main\AndroidManifest.xml:58:13-69
service#io.rong.push.PushService
ADDED from src\main\AndroidManifest.xml:61:9-65:19
	android:process
		ADDED from src\main\AndroidManifest.xml:64:13-43
	android:exported
		ADDED from src\main\AndroidManifest.xml:63:13-37
	android:name
		ADDED from src\main\AndroidManifest.xml:62:13-52
service#io.rong.push.core.MessageHandleService
ADDED from src\main\AndroidManifest.xml:67:9-70:19
	android:exported
		ADDED from src\main\AndroidManifest.xml:69:13-36
	android:name
		ADDED from src\main\AndroidManifest.xml:68:13-66
receiver#io.rong.push.PushReceiver
ADDED from src\main\AndroidManifest.xml:72:9-89:20
	android:process
		ADDED from src\main\AndroidManifest.xml:74:13-43
	android:name
		ADDED from src\main\AndroidManifest.xml:73:13-53
intent-filter#action:name:io.rong.push.intent.action.HEART_BEAT
ADDED from src\main\AndroidManifest.xml:75:13-77:29
action#io.rong.push.intent.action.HEART_BEAT
ADDED from src\main\AndroidManifest.xml:76:17-80
	android:name
		ADDED from src\main\AndroidManifest.xml:76:25-77
intent-filter#action:name:android.net.conn.CONNECTIVITY_CHANGE
ADDED from src\main\AndroidManifest.xml:78:13-80:29
action#android.net.conn.CONNECTIVITY_CHANGE
ADDED from src\main\AndroidManifest.xml:79:17-79
	android:name
		ADDED from src\main\AndroidManifest.xml:79:25-76
intent-filter#action:name:android.intent.action.BOOT_COMPLETED
ADDED from src\main\AndroidManifest.xml:81:13-83:29
action#android.intent.action.BOOT_COMPLETED
ADDED from src\main\AndroidManifest.xml:82:17-79
	android:name
		ADDED from src\main\AndroidManifest.xml:82:25-76
intent-filter#action:name:android.intent.action.ACTION_POWER_CONNECTED+action:name:android.intent.action.ACTION_POWER_DISCONNECTED+action:name:android.intent.action.USER_PRESENT
ADDED from src\main\AndroidManifest.xml:84:13-88:29
action#android.intent.action.USER_PRESENT
ADDED from src\main\AndroidManifest.xml:85:17-77
	android:name
		ADDED from src\main\AndroidManifest.xml:85:25-74
action#android.intent.action.ACTION_POWER_CONNECTED
ADDED from src\main\AndroidManifest.xml:86:17-87
	android:name
		ADDED from src\main\AndroidManifest.xml:86:25-84
action#android.intent.action.ACTION_POWER_DISCONNECTED
ADDED from src\main\AndroidManifest.xml:87:17-90
	android:name
		ADDED from src\main\AndroidManifest.xml:87:25-87
meta-data#RONG_CLOUD_APP_KEY
ADDED from src\main\AndroidManifest.xml:100:9-102:45
	android:value
		ADDED from src\main\AndroidManifest.xml:102:13-42
	android:name
		ADDED from src\main\AndroidManifest.xml:101:13-46
service#io.rong.imlib.ipc.RongService
ADDED from src\main\AndroidManifest.xml:104:9-107:38
	android:process
		ADDED from src\main\AndroidManifest.xml:107:13-35
	android:exported
		ADDED from src\main\AndroidManifest.xml:106:13-36
	android:name
		ADDED from src\main\AndroidManifest.xml:105:13-57
service#io.rong.imlib.ReConnectService
ADDED from src\main\AndroidManifest.xml:109:9-66
	android:name
		ADDED from src\main\AndroidManifest.xml:109:18-63
receiver#io.rong.imlib.ConnectChangeReceiver
ADDED from src\main\AndroidManifest.xml:111:9-72
	android:name
		ADDED from src\main\AndroidManifest.xml:111:19-69
receiver#io.rong.imlib.HeartbeatReceiver
ADDED from src\main\AndroidManifest.xml:113:9-115:38
	android:process
		ADDED from src\main\AndroidManifest.xml:115:13-35
	android:name
		ADDED from src\main\AndroidManifest.xml:114:13-59
uses-sdk
INJECTED from src\main\AndroidManifest.xml reason: use-sdk injection requested
INJECTED from src\main\AndroidManifest.xml
INJECTED from src\main\AndroidManifest.xml
INJECTED from src\main\AndroidManifest.xml
INJECTED from src\main\AndroidManifest.xml
	android:targetSdkVersion
		INJECTED from src\main\AndroidManifest.xml
		ADDED from src\main\AndroidManifest.xml
		INJECTED from src\main\AndroidManifest.xml
	android:minSdkVersion
		INJECTED from src\main\AndroidManifest.xml
		ADDED from src\main\AndroidManifest.xml
		INJECTED from src\main\AndroidManifest.xml